info it worked if it ends with ok
verbose cli [ '/home/cloud9/c9/support/node-c9-builds-v4/node-c9-sunos',
verbose cli   '/home/ide_janne/workspaces/npm/bin/npm.js',
verbose cli   'install',
verbose cli   'heroku' ]
info using npm@1.0.1rc6
info using node@v0.4.5
verbose config file /home/cloud9/.npmrc
verbose config file /home/cloud9/c9/support/etc/npmrc
silly testEngine { name: 'flowd',
silly testEngine   version: '0.0.1',
silly testEngine   dependencies: 
silly testEngine    { express: '2.2.0',
silly testEngine      formidable: '1.0.2',
silly testEngine      knox: '0.0.5' },
silly testEngine   devDependencies: {},
silly testEngine   _id: 'flowd@0.0.1',
silly testEngine   engines: { node: '*' },
silly testEngine   _engineSupported: true,
silly testEngine   _npmVersion: '1.0.1rc6',
silly testEngine   _nodeVersion: 'v0.4.5',
silly testEngine   _defaultsLoaded: true }
verbose caching /mnt/ws/users/janne/76786/package.json
verbose loadDefaults flowd@0.0.1
info into /mnt/ws/users/janne/76786 [ 'heroku' ]
verbose cache add [ 'heroku', null ]
info addNamed [ 'heroku', '' ]
verbose addNamed [ null, '' ]
verbose GET heroku
verbose raw, before any munging heroku
verbose url resolving [ 'http://registry.npmjs.org/', './heroku' ]
verbose url resolved http://registry.npmjs.org/heroku
verbose url parsed { protocol: 'http:',
verbose url parsed   slashes: true,
verbose url parsed   host: 'registry.npmjs.org',
verbose url parsed   hostname: 'registry.npmjs.org',
verbose url parsed   pathname: '/heroku',
verbose url parsed   href: 'http://registry.npmjs.org/heroku' }
verbose response http://registry.npmjs.org/heroku
silly chunk {"error":"not_found","reason":"document not found"}
silly chunk 
silly get cb [ 404,
silly get cb   { server: 'CouchDB/1.1.0 (Erlang OTP/R14B03)',
silly get cb     date: 'Thu, 08 Sep 2011 10:22:17 GMT',
silly get cb     'content-type': 'application/json',
silly get cb     'content-length': '52',
silly get cb     'cache-control': 'must-revalidate' } ]
ERR! 404 'heroku' is not in the npm registry.
ERR! 404 You should bug the author to publish it.
ERR! 404 Note that you can also install from a tarball or folder.
ERR! 
ERR! System SunOS 5.11
ERR! command "/home/cloud9/c9/support/node-c9-builds-v4/node-c9-sunos" "/home/ide_janne/workspaces/npm/bin/npm.js" "install" "heroku"
verbose exit [ 1, true ]
